<?xml version="1.0" encoding="UTF-8"?>
<!-- Generated by org.testng.reporters.JUnitXMLReporter -->
<testsuite hostname="LAPTOP-H6AKN3DE" ignored="0" name="OrangeHrm_Test" tests="1" failures="0" timestamp="2021-10-21T11:30:37 IST" time="0.057" errors="0">
  <testcase name="@BeforeClass setUp" time="-1.634796037592E9" classname="com.qa.testscripts.TestBase">
    <failure type="org.testng.TestNGException" message="
Parameter &amp;apos;Browser&amp;apos; is required by BeforeClass on method setUp but has not been marked @Optional or defined
in C:\Users\saran\eclipse-workspace\Team4LPBatch28.TestAutomation\testng.xml">
      <![CDATA[org.testng.TestNGException: 
Parameter 'Browser' is required by BeforeClass on method setUp but has not been marked @Optional or defined
in C:\Users\saran\eclipse-workspace\Team4LPBatch28.TestAutomation\testng.xml
at java.util.ArrayList.forEach(ArrayList.java:1259)
... Removed 22 stack frames]]>
    </failure>
  </testcase> <!-- @BeforeClass setUp -->
  <testcase name="@AfterClass tearDown" time="-1.634796037621E9" classname="com.qa.testscripts.TestBase">
    <skipped/>
  </testcase> <!-- @AfterClass tearDown -->
  <testcase name="Login" time="0.0" classname="com.qa.testscripts.TC_OrangeHrmLogin_001">
    <skipped/>
  </testcase> <!-- Login -->
</testsuite> <!-- OrangeHrm_Test -->
