<?xml version="1.0" encoding="UTF-8"?>
<!-- Generated by org.testng.reporters.JUnitXMLReporter -->
<testsuite hostname="LAPTOP-H6AKN3DE" ignored="0" name="FunctionalTesting-OrangeHrm" tests="46" failures="21" timestamp="2021-11-01T19:59:23 IST" time="347.286" errors="0">
  <testcase name="Login" time="7.578" classname="com.qa.testscripts.TC_OrangeHrmLogin_001"/>
  <testcase name="assignLeave" time="11.2" classname="com.qa.testscripts.TC_OrangeHrmAssignLeave_002"/>
  <testcase name="LeaveList" time="10.095" classname="com.qa.testscripts.TC_OrangeHrmLeaveList_003"/>
  <testcase name="TimeSheetView" time="8.424" classname="com.qa.testscripts.TC_OrangeHrmTimeSheet_004">
    <failure type="java.lang.AssertionError" message="The following asserts failed:
	expected [true] but found [false]">
      <![CDATA[java.lang.AssertionError: The following asserts failed:
expected [true] but found [false]
at com.qa.testscripts.TC_OrangeHrmTimeSheet_004.TimeSheetView(TC_OrangeHrmTimeSheet_004.java:34)
at java.util.ArrayList.forEach(ArrayList.java:1259)
... Removed 33 stack frames]]>
    </failure>
  </testcase> <!-- TimeSheetView -->
  <testcase name="TimeSheetView" time="7.524" classname="com.qa.testscripts.TC_OrangeHrmTimeSheet_004">
    <failure type="java.lang.AssertionError" message="The following asserts failed:
	expected [true] but found [false],
	expected [true] but found [false]">
      <![CDATA[java.lang.AssertionError: The following asserts failed:
expected [true] but found [false],
expected [true] but found [false]
at com.qa.testscripts.TC_OrangeHrmTimeSheet_004.TimeSheetView(TC_OrangeHrmTimeSheet_004.java:34)
at java.util.ArrayList.forEach(ArrayList.java:1259)
... Removed 33 stack frames]]>
    </failure>
  </testcase> <!-- TimeSheetView -->
  <testcase name="MyTimeSheet" time="13.529" classname="com.qa.testscripts.TC_OrangeHrmTimeSheet_004"/>
  <testcase name="ValidateUserSearch" time="3.901" classname="com.qa.testscripts.TC_OrangeHrmValidateUserSearch_005">
    <failure type="java.lang.AssertionError" message="The following asserts failed:
	expected [true] but found [false],
	expected [true] but found [false]">
      <![CDATA[java.lang.AssertionError: The following asserts failed:
expected [true] but found [false],
expected [true] but found [false]
at com.qa.testscripts.TC_OrangeHrmValidateUserSearch_005.ValidateUserSearch(TC_OrangeHrmValidateUserSearch_005.java:31)
at java.util.ArrayList.forEach(ArrayList.java:1259)
... Removed 33 stack frames]]>
    </failure>
  </testcase> <!-- ValidateUserSearch -->
  <testcase name="ValidateUserSearch" time="3.436" classname="com.qa.testscripts.TC_OrangeHrmValidateUserSearch_005">
    <failure type="java.lang.AssertionError" message="The following asserts failed:
	expected [true] but found [false],
	expected [true] but found [false]">
      <![CDATA[java.lang.AssertionError: The following asserts failed:
expected [true] but found [false],
expected [true] but found [false]
at com.qa.testscripts.TC_OrangeHrmValidateUserSearch_005.ValidateUserSearch(TC_OrangeHrmValidateUserSearch_005.java:31)
at java.util.ArrayList.forEach(ArrayList.java:1259)
... Removed 33 stack frames]]>
    </failure>
  </testcase> <!-- ValidateUserSearch -->
  <testcase name="ValidateUserSearch" time="4.87" classname="com.qa.testscripts.TC_OrangeHrmValidateUserSearch_005">
    <failure type="java.lang.AssertionError" message="The following asserts failed:
	expected [true] but found [false],
	expected [true] but found [false],
	expected [true] but found [false]">
      <![CDATA[java.lang.AssertionError: The following asserts failed:
expected [true] but found [false],
expected [true] but found [false],
expected [true] but found [false]
at com.qa.testscripts.TC_OrangeHrmValidateUserSearch_005.ValidateUserSearch(TC_OrangeHrmValidateUserSearch_005.java:31)
at java.util.ArrayList.forEach(ArrayList.java:1259)
... Removed 33 stack frames]]>
    </failure>
  </testcase> <!-- ValidateUserSearch -->
  <testcase name="ValidateSkills" time="7.056" classname="com.qa.testscripts.TC_OrangeHrmValidateQualification_006">
    <failure type="java.lang.AssertionError" message="The following asserts failed:
	expected [true] but found [false],
	expected [true] but found [false],
	expected [true] but found [false],
	expected [true] but found [false]">
      <![CDATA[java.lang.AssertionError: The following asserts failed:
expected [true] but found [false],
expected [true] but found [false],
expected [true] but found [false],
expected [true] but found [false]
at com.qa.testscripts.TC_OrangeHrmValidateQualification_006.ValidateSkills(TC_OrangeHrmValidateQualification_006.java:34)
at java.util.ArrayList.forEach(ArrayList.java:1259)
... Removed 33 stack frames]]>
    </failure>
  </testcase> <!-- ValidateSkills -->
  <testcase name="ValidateSkills" time="5.181" classname="com.qa.testscripts.TC_OrangeHrmValidateQualification_006">
    <failure type="java.lang.AssertionError" message="The following asserts failed:
	expected [true] but found [false],
	expected [true] but found [false],
	expected [true] but found [false],
	expected [true] but found [false]">
      <![CDATA[java.lang.AssertionError: The following asserts failed:
expected [true] but found [false],
expected [true] but found [false],
expected [true] but found [false],
expected [true] but found [false]
at com.qa.testscripts.TC_OrangeHrmValidateQualification_006.ValidateSkills(TC_OrangeHrmValidateQualification_006.java:34)
at java.util.ArrayList.forEach(ArrayList.java:1259)
... Removed 33 stack frames]]>
    </failure>
  </testcase> <!-- ValidateSkills -->
  <testcase name="ValidateSkills" time="6.53" classname="com.qa.testscripts.TC_OrangeHrmValidateQualification_006">
    <failure type="java.lang.AssertionError" message="The following asserts failed:
	expected [true] but found [false],
	expected [true] but found [false],
	expected [true] but found [false],
	expected [true] but found [false],
	expected [true] but found [false]">
      <![CDATA[java.lang.AssertionError: The following asserts failed:
expected [true] but found [false],
expected [true] but found [false],
expected [true] but found [false],
expected [true] but found [false],
expected [true] but found [false]
at com.qa.testscripts.TC_OrangeHrmValidateQualification_006.ValidateSkills(TC_OrangeHrmValidateQualification_006.java:34)
at java.util.ArrayList.forEach(ArrayList.java:1259)
... Removed 33 stack frames]]>
    </failure>
  </testcase> <!-- ValidateSkills -->
  <testcase name="ValidateSkills" time="6.568" classname="com.qa.testscripts.TC_OrangeHrmValidateQualification_006">
    <failure type="java.lang.AssertionError" message="The following asserts failed:
	expected [true] but found [false],
	expected [true] but found [false],
	expected [true] but found [false],
	expected [true] but found [false],
	expected [true] but found [false],
	expected [true] but found [false]">
      <![CDATA[java.lang.AssertionError: The following asserts failed:
expected [true] but found [false],
expected [true] but found [false],
expected [true] but found [false],
expected [true] but found [false],
expected [true] but found [false],
expected [true] but found [false]
at com.qa.testscripts.TC_OrangeHrmValidateQualification_006.ValidateSkills(TC_OrangeHrmValidateQualification_006.java:34)
at java.util.ArrayList.forEach(ArrayList.java:1259)
... Removed 33 stack frames]]>
    </failure>
  </testcase> <!-- ValidateSkills -->
  <testcase name="ValidateSkills" time="7.755" classname="com.qa.testscripts.TC_OrangeHrmValidateQualification_006">
    <failure type="java.lang.AssertionError" message="The following asserts failed:
	expected [true] but found [false],
	expected [true] but found [false],
	expected [true] but found [false],
	expected [true] but found [false],
	expected [true] but found [false],
	expected [true] but found [false],
	expected [true] but found [false]">
      <![CDATA[java.lang.AssertionError: The following asserts failed:
expected [true] but found [false],
expected [true] but found [false],
expected [true] but found [false],
expected [true] but found [false],
expected [true] but found [false],
expected [true] but found [false],
expected [true] but found [false]
at com.qa.testscripts.TC_OrangeHrmValidateQualification_006.ValidateSkills(TC_OrangeHrmValidateQualification_006.java:34)
at java.util.ArrayList.forEach(ArrayList.java:1259)
... Removed 33 stack frames]]>
    </failure>
  </testcase> <!-- ValidateSkills -->
  <testcase name="ValidateEducation" time="7.495" classname="com.qa.testscripts.TC_OrangeHrmValidateQualification_006">
    <failure type="java.lang.AssertionError" message="The following asserts failed:
	expected [true] but found [false],
	expected [true] but found [false],
	expected [true] but found [false],
	expected [true] but found [false],
	expected [true] but found [false],
	expected [true] but found [false],
	expected [true] but found [false],
	expected [true] but found [false]">
      <![CDATA[java.lang.AssertionError: The following asserts failed:
expected [true] but found [false],
expected [true] but found [false],
expected [true] but found [false],
expected [true] but found [false],
expected [true] but found [false],
expected [true] but found [false],
expected [true] but found [false],
expected [true] but found [false]
at com.qa.testscripts.TC_OrangeHrmValidateQualification_006.ValidateEducation(TC_OrangeHrmValidateQualification_006.java:56)
at java.util.ArrayList.forEach(ArrayList.java:1259)
... Removed 33 stack frames]]>
    </failure>
  </testcase> <!-- ValidateEducation -->
  <testcase name="ValidateEducation" time="5.088" classname="com.qa.testscripts.TC_OrangeHrmValidateQualification_006">
    <failure type="java.lang.AssertionError" message="The following asserts failed:
	expected [true] but found [false],
	expected [true] but found [false],
	expected [true] but found [false],
	expected [true] but found [false],
	expected [true] but found [false],
	expected [true] but found [false],
	expected [true] but found [false],
	expected [true] but found [false]">
      <![CDATA[java.lang.AssertionError: The following asserts failed:
expected [true] but found [false],
expected [true] but found [false],
expected [true] but found [false],
expected [true] but found [false],
expected [true] but found [false],
expected [true] but found [false],
expected [true] but found [false],
expected [true] but found [false]
at com.qa.testscripts.TC_OrangeHrmValidateQualification_006.ValidateEducation(TC_OrangeHrmValidateQualification_006.java:56)
at java.util.ArrayList.forEach(ArrayList.java:1259)
... Removed 33 stack frames]]>
    </failure>
  </testcase> <!-- ValidateEducation -->
  <testcase name="ValidateEducation" time="4.871" classname="com.qa.testscripts.TC_OrangeHrmValidateQualification_006">
    <failure type="java.lang.AssertionError" message="The following asserts failed:
	expected [true] but found [false],
	expected [true] but found [false],
	expected [true] but found [false],
	expected [true] but found [false],
	expected [true] but found [false],
	expected [true] but found [false],
	expected [true] but found [false],
	expected [true] but found [false]">
      <![CDATA[java.lang.AssertionError: The following asserts failed:
expected [true] but found [false],
expected [true] but found [false],
expected [true] but found [false],
expected [true] but found [false],
expected [true] but found [false],
expected [true] but found [false],
expected [true] but found [false],
expected [true] but found [false]
at com.qa.testscripts.TC_OrangeHrmValidateQualification_006.ValidateEducation(TC_OrangeHrmValidateQualification_006.java:56)
at java.util.ArrayList.forEach(ArrayList.java:1259)
... Removed 33 stack frames]]>
    </failure>
  </testcase> <!-- ValidateEducation -->
  <testcase name="ValidateLicenses" time="5.341" classname="com.qa.testscripts.TC_OrangeHrmValidateQualification_006">
    <failure type="java.lang.AssertionError" message="The following asserts failed:
	expected [true] but found [false],
	expected [true] but found [false],
	expected [true] but found [false],
	expected [true] but found [false],
	expected [true] but found [false],
	expected [true] but found [false],
	expected [true] but found [false],
	expected [true] but found [false]">
      <![CDATA[java.lang.AssertionError: The following asserts failed:
expected [true] but found [false],
expected [true] but found [false],
expected [true] but found [false],
expected [true] but found [false],
expected [true] but found [false],
expected [true] but found [false],
expected [true] but found [false],
expected [true] but found [false]
at com.qa.testscripts.TC_OrangeHrmValidateQualification_006.ValidateLicenses(TC_OrangeHrmValidateQualification_006.java:79)
at java.util.ArrayList.forEach(ArrayList.java:1259)
... Removed 33 stack frames]]>
    </failure>
  </testcase> <!-- ValidateLicenses -->
  <testcase name="ValidateLicenses" time="5.115" classname="com.qa.testscripts.TC_OrangeHrmValidateQualification_006">
    <failure type="java.lang.AssertionError" message="The following asserts failed:
	expected [true] but found [false],
	expected [true] but found [false],
	expected [true] but found [false],
	expected [true] but found [false],
	expected [true] but found [false],
	expected [true] but found [false],
	expected [true] but found [false],
	expected [true] but found [false]">
      <![CDATA[java.lang.AssertionError: The following asserts failed:
expected [true] but found [false],
expected [true] but found [false],
expected [true] but found [false],
expected [true] but found [false],
expected [true] but found [false],
expected [true] but found [false],
expected [true] but found [false],
expected [true] but found [false]
at com.qa.testscripts.TC_OrangeHrmValidateQualification_006.ValidateLicenses(TC_OrangeHrmValidateQualification_006.java:79)
at java.util.ArrayList.forEach(ArrayList.java:1259)
... Removed 33 stack frames]]>
    </failure>
  </testcase> <!-- ValidateLicenses -->
  <testcase name="ValidateLanguages" time="5.187" classname="com.qa.testscripts.TC_OrangeHrmValidateQualification_006">
    <failure type="java.lang.AssertionError" message="The following asserts failed:
	expected [true] but found [false],
	expected [true] but found [false],
	expected [true] but found [false],
	expected [true] but found [false],
	expected [true] but found [false],
	expected [true] but found [false],
	expected [true] but found [false],
	expected [true] but found [false]">
      <![CDATA[java.lang.AssertionError: The following asserts failed:
expected [true] but found [false],
expected [true] but found [false],
expected [true] but found [false],
expected [true] but found [false],
expected [true] but found [false],
expected [true] but found [false],
expected [true] but found [false],
expected [true] but found [false]
at com.qa.testscripts.TC_OrangeHrmValidateQualification_006.ValidateLanguages(TC_OrangeHrmValidateQualification_006.java:102)
at java.util.ArrayList.forEach(ArrayList.java:1259)
... Removed 33 stack frames]]>
    </failure>
  </testcase> <!-- ValidateLanguages -->
  <testcase name="ValidateLanguages" time="5.052" classname="com.qa.testscripts.TC_OrangeHrmValidateQualification_006">
    <failure type="java.lang.AssertionError" message="The following asserts failed:
	expected [true] but found [false],
	expected [true] but found [false],
	expected [true] but found [false],
	expected [true] but found [false],
	expected [true] but found [false],
	expected [true] but found [false],
	expected [true] but found [false],
	expected [true] but found [false]">
      <![CDATA[java.lang.AssertionError: The following asserts failed:
expected [true] but found [false],
expected [true] but found [false],
expected [true] but found [false],
expected [true] but found [false],
expected [true] but found [false],
expected [true] but found [false],
expected [true] but found [false],
expected [true] but found [false]
at com.qa.testscripts.TC_OrangeHrmValidateQualification_006.ValidateLanguages(TC_OrangeHrmValidateQualification_006.java:102)
at java.util.ArrayList.forEach(ArrayList.java:1259)
... Removed 33 stack frames]]>
    </failure>
  </testcase> <!-- ValidateLanguages -->
  <testcase name="ValidateLanguages" time="8.047" classname="com.qa.testscripts.TC_OrangeHrmValidateQualification_006">
    <failure type="java.lang.AssertionError" message="The following asserts failed:
	expected [true] but found [false],
	expected [true] but found [false],
	expected [true] but found [false],
	expected [true] but found [false],
	expected [true] but found [false],
	expected [true] but found [false],
	expected [true] but found [false],
	expected [true] but found [false],
	expected [true] but found [false]">
      <![CDATA[java.lang.AssertionError: The following asserts failed:
expected [true] but found [false],
expected [true] but found [false],
expected [true] but found [false],
expected [true] but found [false],
expected [true] but found [false],
expected [true] but found [false],
expected [true] but found [false],
expected [true] but found [false],
expected [true] but found [false]
at com.qa.testscripts.TC_OrangeHrmValidateQualification_006.ValidateLanguages(TC_OrangeHrmValidateQualification_006.java:102)
at java.util.ArrayList.forEach(ArrayList.java:1259)
... Removed 33 stack frames]]>
    </failure>
  </testcase> <!-- ValidateLanguages -->
  <testcase name="ValidateLanguages" time="6.979" classname="com.qa.testscripts.TC_OrangeHrmValidateQualification_006">
    <failure type="java.lang.AssertionError" message="The following asserts failed:
	expected [true] but found [false],
	expected [true] but found [false],
	expected [true] but found [false],
	expected [true] but found [false],
	expected [true] but found [false],
	expected [true] but found [false],
	expected [true] but found [false],
	expected [true] but found [false],
	expected [true] but found [false],
	expected [true] but found [false]">
      <![CDATA[java.lang.AssertionError: The following asserts failed:
expected [true] but found [false],
expected [true] but found [false],
expected [true] but found [false],
expected [true] but found [false],
expected [true] but found [false],
expected [true] but found [false],
expected [true] but found [false],
expected [true] but found [false],
expected [true] but found [false],
expected [true] but found [false]
at com.qa.testscripts.TC_OrangeHrmValidateQualification_006.ValidateLanguages(TC_OrangeHrmValidateQualification_006.java:102)
at java.util.ArrayList.forEach(ArrayList.java:1259)
... Removed 33 stack frames]]>
    </failure>
  </testcase> <!-- ValidateLanguages -->
  <testcase name="ValidateMembership" time="1.551" classname="com.qa.testscripts.TC_OrangeHrmValidateQualification_006">
    <failure type="org.openqa.selenium.ElementNotInteractableException" message="element not interactable
  (Session info: chrome=95.0.4638.54)
Build info: version: &amp;apos;3.141.59&amp;apos;, revision: &amp;apos;e82be7d358&amp;apos;, time: &amp;apos;2018-11-14T08:17:03&amp;apos;
System info: host: &amp;apos;LAPTOP-H6AKN3DE&amp;apos;, ip: &amp;apos;192.168.0.119&amp;apos;, os.name: &amp;apos;Windows 10&amp;apos;, os.arch: &amp;apos;amd64&amp;apos;, os.version: &amp;apos;10.0&amp;apos;, java.version: &amp;apos;1.8.0_291&amp;apos;
Driver info: org.openqa.selenium.chrome.ChromeDriver
Capabilities {acceptInsecureCerts: false, browserName: chrome, browserVersion: 95.0.4638.54, chrome: {chromedriverVersion: 95.0.4638.17 (a9d0719444d4b..., userDataDir: C:\Users\saran\AppData\Loca...}, goog:chromeOptions: {debuggerAddress: localhost:56336}, javascriptEnabled: true, networkConnectionEnabled: false, pageLoadStrategy: normal, platform: WINDOWS, platformName: WINDOWS, proxy: Proxy(), setWindowRect: true, strictFileInteractability: false, timeouts: {implicit: 0, pageLoad: 300000, script: 30000}, unhandledPromptBehavior: dismiss and notify, webauthn:extension:credBlob: true, webauthn:extension:largeBlob: true, webauthn:virtualAuthenticators: true}
Session ID: 4d8024483d5421f97a3037bb1bea1703">
      <![CDATA[org.openqa.selenium.ElementNotInteractableException: element not interactable
  (Session info: chrome=95.0.4638.54)
Build info: version: '3.141.59', revision: 'e82be7d358', time: '2018-11-14T08:17:03'
System info: host: 'LAPTOP-H6AKN3DE', ip: '192.168.0.119', os.name: 'Windows 10', os.arch: 'amd64', os.version: '10.0', java.version: '1.8.0_291'
Driver info: org.openqa.selenium.chrome.ChromeDriver
Capabilities {acceptInsecureCerts: false, browserName: chrome, browserVersion: 95.0.4638.54, chrome: {chromedriverVersion: 95.0.4638.17 (a9d0719444d4b..., userDataDir: C:\Users\saran\AppData\Loca...}, goog:chromeOptions: {debuggerAddress: localhost:56336}, javascriptEnabled: true, networkConnectionEnabled: false, pageLoadStrategy: normal, platform: WINDOWS, platformName: WINDOWS, proxy: Proxy(), setWindowRect: true, strictFileInteractability: false, timeouts: {implicit: 0, pageLoad: 300000, script: 30000}, unhandledPromptBehavior: dismiss and notify, webauthn:extension:credBlob: true, webauthn:extension:largeBlob: true, webauthn:virtualAuthenticators: true}
Session ID: 4d8024483d5421f97a3037bb1bea1703
at org.openqa.selenium.remote.http.W3CHttpResponseCodec.createException(W3CHttpResponseCodec.java:187)
at org.openqa.selenium.remote.http.W3CHttpResponseCodec.decode(W3CHttpResponseCodec.java:122)
at org.openqa.selenium.remote.http.W3CHttpResponseCodec.decode(W3CHttpResponseCodec.java:49)
at org.openqa.selenium.remote.HttpCommandExecutor.execute(HttpCommandExecutor.java:158)
at org.openqa.selenium.remote.service.DriverCommandExecutor.execute(DriverCommandExecutor.java:83)
at org.openqa.selenium.remote.RemoteWebDriver.execute(RemoteWebDriver.java:552)
at org.openqa.selenium.remote.RemoteWebElement.execute(RemoteWebElement.java:285)
at org.openqa.selenium.remote.RemoteWebElement.click(RemoteWebElement.java:84)
at org.openqa.selenium.support.pagefactory.internal.LocatingElementHandler.invoke(LocatingElementHandler.java:51)
at com.sun.proxy.$Proxy9.click(Unknown Source)
at com.qa.testscripts.TC_OrangeHrmValidateQualification_006.ValidateMembership(TC_OrangeHrmValidateQualification_006.java:108)
at java.util.ArrayList.forEach(ArrayList.java:1259)
... Removed 38 stack frames]]>
    </failure>
  </testcase> <!-- ValidateMembership -->
  <testcase name="ValidateMembership" time="5.935" classname="com.qa.testscripts.TC_OrangeHrmValidateQualification_006">
    <failure type="java.lang.AssertionError" message="The following asserts failed:
	expected [true] but found [false],
	expected [true] but found [false],
	expected [true] but found [false],
	expected [true] but found [false],
	expected [true] but found [false],
	expected [true] but found [false],
	expected [true] but found [false],
	expected [true] but found [false],
	expected [true] but found [false],
	expected [true] but found [false]">
      <![CDATA[java.lang.AssertionError: The following asserts failed:
expected [true] but found [false],
expected [true] but found [false],
expected [true] but found [false],
expected [true] but found [false],
expected [true] but found [false],
expected [true] but found [false],
expected [true] but found [false],
expected [true] but found [false],
expected [true] but found [false],
expected [true] but found [false]
at com.qa.testscripts.TC_OrangeHrmValidateQualification_006.ValidateMembership(TC_OrangeHrmValidateQualification_006.java:124)
at java.util.ArrayList.forEach(ArrayList.java:1259)
... Removed 33 stack frames]]>
    </failure>
  </testcase> <!-- ValidateMembership -->
  <testcase name="Myinfo" time="21.562" classname="com.qa.testscripts.TC_OrangeHrmMyInfo_007"/>
  <testcase name="validateContactdetails" time="26.764" classname="com.qa.testscripts.TC_OrangeHrmValidateEmergencyContactsDependents_009"/>
  <testcase name="validateQualificationdetails" time="11.329" classname="com.qa.testscripts.TC_OrangeHrmValidateQualificationdetails_010"/>
  <testcase name="Skills" time="0.053" classname="com.qa.testscripts.TC_OrangeHrmValidateQualificationdetails_010"/>
  <testcase name="Skills" time="0.033" classname="com.qa.testscripts.TC_OrangeHrmValidateQualificationdetails_010"/>
  <testcase name="Skills" time="0.03" classname="com.qa.testscripts.TC_OrangeHrmValidateQualificationdetails_010"/>
  <testcase name="Language" time="0.121" classname="com.qa.testscripts.TC_OrangeHrmValidateQualificationdetails_010"/>
  <testcase name="Language" time="0.1" classname="com.qa.testscripts.TC_OrangeHrmValidateQualificationdetails_010"/>
  <testcase name="AddEmp" time="26.448" classname="com.qa.testscripts.TC_OrangeHrmPIMAddEmployee_011"/>
  <testcase name="EmpList" time="7.581" classname="com.qa.testscripts.TC_OrangeHrmPIMEmpList_012"/>
  <testcase name="EmpList" time="6.853" classname="com.qa.testscripts.TC_OrangeHrmPIMEmpList_012"/>
  <testcase name="likePost" time="16.798" classname="com.qa.testscripts.TC_OrangeHrmLikePost_013"/>
  <testcase name="postMsg" time="5.418" classname="com.qa.testscripts.TC_OrangeHrmPostStatusMsg_015"/>
  <testcase name="postMsg" time="5.429" classname="com.qa.testscripts.TC_OrangeHrmPostStatusMsg_015"/>
  <testcase name="postMsg" time="5.322" classname="com.qa.testscripts.TC_OrangeHrmPostStatusMsg_015"/>
  <testcase name="unlikePost" time="4.776" classname="com.qa.testscripts.TC_OrangeHrmUnlikePost_014"/>
  <testcase name="commentPost" time="4.447" classname="com.qa.testscripts.TC_OrangeHrmCommentPost_016"/>
  <testcase name="validateAnniversary" time="4.383" classname="com.qa.testscripts.TC_OrangeHrmAnniversaryValidation_017"/>
  <testcase name="validateNames" time="1.187" classname="com.qa.testscripts.TC_OrangeHrmAnniversaryValidation_017"/>
  <testcase name="editPost" time="6.739" classname="com.qa.testscripts.TC_OrangeHrmEditPost_018"/>
  <testcase name="deletePost" time="10.485" classname="com.qa.testscripts.TC_OrangeHrmDeletePost_019"/>
</testsuite> <!-- FunctionalTesting-OrangeHrm -->
